<?xml version="1.0" encoding="UTF-8"?>
<!-- Generated by org.testng.reporters.JUnitReportReporter -->
<testsuite hostname="BDC14-L-115FVZ6" failures="2" tests="3" name="com.qa.testapp.tests.HomePageTest" time="7.357" errors="1" timestamp="2023-11-22T11:12:42 IST" skipped="0">
  <testcase classname="com.qa.testapp.tests.HomePageTest" name="homePageTitleTest" time="0.044">
    <failure message="expected [Amazon.com. Spend less. Smile more.] but found [Swag Labs]" type="java.lang.AssertionError">
      <![CDATA[java.lang.AssertionError: expected [Amazon.com. Spend less. Smile more.] but found [Swag Labs]
at org.testng.Assert.fail(Assert.java:99)
at org.testng.Assert.failNotEquals(Assert.java:1037)
at org.testng.Assert.assertEqualsImpl(Assert.java:140)
at org.testng.Assert.assertEquals(Assert.java:122)
at org.testng.Assert.assertEquals(Assert.java:629)
at org.testng.Assert.assertEquals(Assert.java:639)
at com.qa.testapp.tests.HomePageTest.homePageTitleTest(HomePageTest.java:29)
at java.base/jdk.internal.reflect.NativeMethodAccessorImpl.invoke0(Native Method)
at java.base/jdk.internal.reflect.NativeMethodAccessorImpl.invoke(NativeMethodAccessorImpl.java:62)
at java.base/jdk.internal.reflect.DelegatingMethodAccessorImpl.invoke(DelegatingMethodAccessorImpl.java:43)
at java.base/java.lang.reflect.Method.invoke(Method.java:566)
at org.testng.internal.MethodInvocationHelper.invokeMethod(MethodInvocationHelper.java:133)
at org.testng.internal.TestInvoker.invokeMethod(TestInvoker.java:598)
at org.testng.internal.TestInvoker.invokeTestMethod(TestInvoker.java:173)
at org.testng.internal.MethodRunner.runInSequence(MethodRunner.java:46)
at org.testng.internal.TestInvoker$MethodInvocationAgent.invoke(TestInvoker.java:824)
at org.testng.internal.TestInvoker.invokeTestMethods(TestInvoker.java:146)
at org.testng.internal.TestMethodWorker.invokeTestMethods(TestMethodWorker.java:146)
at org.testng.internal.TestMethodWorker.run(TestMethodWorker.java:128)
at java.base/java.util.ArrayList.forEach(ArrayList.java:1541)
at org.testng.TestRunner.privateRun(TestRunner.java:794)
at org.testng.TestRunner.run(TestRunner.java:596)
at org.testng.SuiteRunner.runTest(SuiteRunner.java:377)
at org.testng.SuiteRunner.runSequentially(SuiteRunner.java:371)
at org.testng.SuiteRunner.privateRun(SuiteRunner.java:332)
at org.testng.SuiteRunner.run(SuiteRunner.java:276)
at org.testng.SuiteRunnerWorker.runSuite(SuiteRunnerWorker.java:53)
at org.testng.SuiteRunnerWorker.run(SuiteRunnerWorker.java:96)
at org.testng.TestNG.runSuitesSequentially(TestNG.java:1212)
at org.testng.TestNG.runSuitesLocally(TestNG.java:1134)
at org.testng.TestNG.runSuites(TestNG.java:1063)
at org.testng.TestNG.run(TestNG.java:1031)
at org.testng.remote.AbstractRemoteTestNG.run(AbstractRemoteTestNG.java:115)
at org.testng.remote.RemoteTestNG.initAndRun(RemoteTestNG.java:251)
at org.testng.remote.RemoteTestNG.main(RemoteTestNG.java:77)
]]>
    </failure>
  </testcase> <!-- homePageTitleTest -->
  <system-out/>
  <testcase classname="com.qa.testapp.tests.HomePageTest" name="homePageUrl" time="0.018">
    <failure message="expected [https://www.amazon.com/] but found [https://www.saucedemo.com/]" type="java.lang.AssertionError">
      <![CDATA[java.lang.AssertionError: expected [https://www.amazon.com/] but found [https://www.saucedemo.com/]
at org.testng.Assert.fail(Assert.java:99)
at org.testng.Assert.failNotEquals(Assert.java:1037)
at org.testng.Assert.assertEqualsImpl(Assert.java:140)
at org.testng.Assert.assertEquals(Assert.java:122)
at org.testng.Assert.assertEquals(Assert.java:629)
at org.testng.Assert.assertEquals(Assert.java:639)
at com.qa.testapp.tests.HomePageTest.homePageUrl(HomePageTest.java:36)
at java.base/jdk.internal.reflect.NativeMethodAccessorImpl.invoke0(Native Method)
at java.base/jdk.internal.reflect.NativeMethodAccessorImpl.invoke(NativeMethodAccessorImpl.java:62)
at java.base/jdk.internal.reflect.DelegatingMethodAccessorImpl.invoke(DelegatingMethodAccessorImpl.java:43)
at java.base/java.lang.reflect.Method.invoke(Method.java:566)
at org.testng.internal.MethodInvocationHelper.invokeMethod(MethodInvocationHelper.java:133)
at org.testng.internal.TestInvoker.invokeMethod(TestInvoker.java:598)
at org.testng.internal.TestInvoker.invokeTestMethod(TestInvoker.java:173)
at org.testng.internal.MethodRunner.runInSequence(MethodRunner.java:46)
at org.testng.internal.TestInvoker$MethodInvocationAgent.invoke(TestInvoker.java:824)
at org.testng.internal.TestInvoker.invokeTestMethods(TestInvoker.java:146)
at org.testng.internal.TestMethodWorker.invokeTestMethods(TestMethodWorker.java:146)
at org.testng.internal.TestMethodWorker.run(TestMethodWorker.java:128)
at java.base/java.util.ArrayList.forEach(ArrayList.java:1541)
at org.testng.TestRunner.privateRun(TestRunner.java:794)
at org.testng.TestRunner.run(TestRunner.java:596)
at org.testng.SuiteRunner.runTest(SuiteRunner.java:377)
at org.testng.SuiteRunner.runSequentially(SuiteRunner.java:371)
at org.testng.SuiteRunner.privateRun(SuiteRunner.java:332)
at org.testng.SuiteRunner.run(SuiteRunner.java:276)
at org.testng.SuiteRunnerWorker.runSuite(SuiteRunnerWorker.java:53)
at org.testng.SuiteRunnerWorker.run(SuiteRunnerWorker.java:96)
at org.testng.TestNG.runSuitesSequentially(TestNG.java:1212)
at org.testng.TestNG.runSuitesLocally(TestNG.java:1134)
at org.testng.TestNG.runSuites(TestNG.java:1063)
at org.testng.TestNG.run(TestNG.java:1031)
at org.testng.remote.AbstractRemoteTestNG.run(AbstractRemoteTestNG.java:115)
at org.testng.remote.RemoteTestNG.initAndRun(RemoteTestNG.java:251)
at org.testng.remote.RemoteTestNG.main(RemoteTestNG.java:77)
]]>
    </failure>
  </testcase> <!-- homePageUrl -->
  <system-out/>
  <testcase classname="com.qa.testapp.tests.HomePageTest" name="searchTest" time="7.295">
    <error message="Error {
  message=&#039;Page closed
=========================== logs ===========================
waiting for locator(&quot;xpath=//input[@id=&#039;twotabsearchtextbox&#039;]&quot;) to be visible
============================================================
  name=&#039;Error
  stack=&#039;Error: Page closed
=========================== logs ===========================
waiting for locator(&quot;xpath=//input[@id=&#039;twotabsearchtextbox&#039;]&quot;) to be visible
============================================================
    at LongStandingScope._race (C:\Users\PREETH~1.M\AppData\Local\Temp\playwright-java-15154493654233831808\package\lib\utils\manualPromise.js:96:51)
    at LongStandingScope.race (C:\Users\PREETH~1.M\AppData\Local\Temp\playwright-java-15154493654233831808\package\lib\utils\manualPromise.js:87:17)
    at C:\Users\PREETH~1.M\AppData\Local\Temp\playwright-java-15154493654233831808\package\lib\utils\manualPromise.js:84:43
    at Array.map (&lt;anonymous&gt;)
    at LongStandingScope.raceMultiple (C:\Users\PREETH~1.M\AppData\Local\Temp\playwright-java-15154493654233831808\package\lib\utils\manualPromise.js:84:32)
    at Frame.retryWithProgressAndTimeouts (C:\Users\PREETH~1.M\AppData\Local\Temp\playwright-java-15154493654233831808\package\lib\server\frames.js:908:40)
    at async ProgressController.run (C:\Users\PREETH~1.M\AppData\Local\Temp\playwright-java-15154493654233831808\package\lib\server\progress.js:92:22)
    at async FrameDispatcher.waitForSelector (C:\Users\PREETH~1.M\AppData\Local\Temp\playwright-java-15154493654233831808\package\lib\server\dispatchers\frameDispatcher.js:103:85)
    at async DispatcherConnection.dispatch (C:\Users\PREETH~1.M\AppData\Local\Temp\playwright-java-15154493654233831808\package\lib\server\dispatchers\dispatcher.js:346:22)
}" type="com.microsoft.playwright.PlaywrightException">
      <![CDATA[com.microsoft.playwright.PlaywrightException: Error {
  message='Page closed
=========================== logs ===========================
waiting for locator("xpath=//input[@id='twotabsearchtextbox']") to be visible
============================================================
  name='Error
  stack='Error: Page closed
=========================== logs ===========================
waiting for locator("xpath=//input[@id='twotabsearchtextbox']") to be visible
============================================================
    at LongStandingScope._race (C:\Users\PREETH~1.M\AppData\Local\Temp\playwright-java-15154493654233831808\package\lib\utils\manualPromise.js:96:51)
    at LongStandingScope.race (C:\Users\PREETH~1.M\AppData\Local\Temp\playwright-java-15154493654233831808\package\lib\utils\manualPromise.js:87:17)
    at C:\Users\PREETH~1.M\AppData\Local\Temp\playwright-java-15154493654233831808\package\lib\utils\manualPromise.js:84:43
    at Array.map (<anonymous>)
    at LongStandingScope.raceMultiple (C:\Users\PREETH~1.M\AppData\Local\Temp\playwright-java-15154493654233831808\package\lib\utils\manualPromise.js:84:32)
    at Frame.retryWithProgressAndTimeouts (C:\Users\PREETH~1.M\AppData\Local\Temp\playwright-java-15154493654233831808\package\lib\server\frames.js:908:40)
    at async ProgressController.run (C:\Users\PREETH~1.M\AppData\Local\Temp\playwright-java-15154493654233831808\package\lib\server\progress.js:92:22)
    at async FrameDispatcher.waitForSelector (C:\Users\PREETH~1.M\AppData\Local\Temp\playwright-java-15154493654233831808\package\lib\server\dispatchers\frameDispatcher.js:103:85)
    at async DispatcherConnection.dispatch (C:\Users\PREETH~1.M\AppData\Local\Temp\playwright-java-15154493654233831808\package\lib\server\dispatchers\dispatcher.js:346:22)
}
at com.microsoft.playwright.impl.WaitableResult.get(WaitableResult.java:54)
at com.microsoft.playwright.impl.ChannelOwner.runUntil(ChannelOwner.java:120)
at com.microsoft.playwright.impl.Connection.sendMessage(Connection.java:126)
at com.microsoft.playwright.impl.ChannelOwner.sendMessage(ChannelOwner.java:106)
at com.microsoft.playwright.impl.FrameImpl.waitForSelectorImpl(FrameImpl.java:1064)
at com.microsoft.playwright.impl.FrameImpl.waitForSelectorImpl(FrameImpl.java:1054)
at com.microsoft.playwright.impl.PageImpl.lambda$waitForSelector$91(PageImpl.java:1440)
at com.microsoft.playwright.impl.LoggingSupport.withLogging(LoggingSupport.java:47)
at com.microsoft.playwright.impl.ChannelOwner.withLogging(ChannelOwner.java:89)
at com.microsoft.playwright.impl.PageImpl.waitForSelector(PageImpl.java:1439)
at com.microsoft.playwright.Page.waitForSelector(Page.java:7779)
at com.qa.testapp.Pages.HomePage.doSearch(HomePage.java:36)
at com.qa.testapp.tests.HomePageTest.searchTest(HomePageTest.java:40)
at java.base/jdk.internal.reflect.NativeMethodAccessorImpl.invoke0(Native Method)
at java.base/jdk.internal.reflect.NativeMethodAccessorImpl.invoke(NativeMethodAccessorImpl.java:62)
at java.base/jdk.internal.reflect.DelegatingMethodAccessorImpl.invoke(DelegatingMethodAccessorImpl.java:43)
at java.base/java.lang.reflect.Method.invoke(Method.java:566)
at org.testng.internal.MethodInvocationHelper.invokeMethod(MethodInvocationHelper.java:133)
at org.testng.internal.TestInvoker.invokeMethod(TestInvoker.java:598)
at org.testng.internal.TestInvoker.invokeTestMethod(TestInvoker.java:173)
at org.testng.internal.MethodRunner.runInSequence(MethodRunner.java:46)
at org.testng.internal.TestInvoker$MethodInvocationAgent.invoke(TestInvoker.java:824)
at org.testng.internal.TestInvoker.invokeTestMethods(TestInvoker.java:146)
at org.testng.internal.TestMethodWorker.invokeTestMethods(TestMethodWorker.java:146)
at org.testng.internal.TestMethodWorker.run(TestMethodWorker.java:128)
at java.base/java.util.ArrayList.forEach(ArrayList.java:1541)
at org.testng.TestRunner.privateRun(TestRunner.java:794)
at org.testng.TestRunner.run(TestRunner.java:596)
at org.testng.SuiteRunner.runTest(SuiteRunner.java:377)
at org.testng.SuiteRunner.runSequentially(SuiteRunner.java:371)
at org.testng.SuiteRunner.privateRun(SuiteRunner.java:332)
at org.testng.SuiteRunner.run(SuiteRunner.java:276)
at org.testng.SuiteRunnerWorker.runSuite(SuiteRunnerWorker.java:53)
at org.testng.SuiteRunnerWorker.run(SuiteRunnerWorker.java:96)
at org.testng.TestNG.runSuitesSequentially(TestNG.java:1212)
at org.testng.TestNG.runSuitesLocally(TestNG.java:1134)
at org.testng.TestNG.runSuites(TestNG.java:1063)
at org.testng.TestNG.run(TestNG.java:1031)
at org.testng.remote.AbstractRemoteTestNG.run(AbstractRemoteTestNG.java:115)
at org.testng.remote.RemoteTestNG.initAndRun(RemoteTestNG.java:251)
at org.testng.remote.RemoteTestNG.main(RemoteTestNG.java:77)
Caused by: com.microsoft.playwright.impl.DriverException: Error {
  message='Page closed
=========================== logs ===========================
waiting for locator("xpath=//input[@id='twotabsearchtextbox']") to be visible
============================================================
  name='Error
  stack='Error: Page closed
=========================== logs ===========================
waiting for locator("xpath=//input[@id='twotabsearchtextbox']") to be visible
============================================================
    at LongStandingScope._race (C:\Users\PREETH~1.M\AppData\Local\Temp\playwright-java-15154493654233831808\package\lib\utils\manualPromise.js:96:51)
    at LongStandingScope.race (C:\Users\PREETH~1.M\AppData\Local\Temp\playwright-java-15154493654233831808\package\lib\utils\manualPromise.js:87:17)
    at C:\Users\PREETH~1.M\AppData\Local\Temp\playwright-java-15154493654233831808\package\lib\utils\manualPromise.js:84:43
    at Array.map (<anonymous>)
    at LongStandingScope.raceMultiple (C:\Users\PREETH~1.M\AppData\Local\Temp\playwright-java-15154493654233831808\package\lib\utils\manualPromise.js:84:32)
    at Frame.retryWithProgressAndTimeouts (C:\Users\PREETH~1.M\AppData\Local\Temp\playwright-java-15154493654233831808\package\lib\server\frames.js:908:40)
    at async ProgressController.run (C:\Users\PREETH~1.M\AppData\Local\Temp\playwright-java-15154493654233831808\package\lib\server\progress.js:92:22)
    at async FrameDispatcher.waitForSelector (C:\Users\PREETH~1.M\AppData\Local\Temp\playwright-java-15154493654233831808\package\lib\server\dispatchers\frameDispatcher.js:103:85)
    at async DispatcherConnection.dispatch (C:\Users\PREETH~1.M\AppData\Local\Temp\playwright-java-15154493654233831808\package\lib\server\dispatchers\dispatcher.js:346:22)
}
at com.microsoft.playwright.impl.Connection.dispatch(Connection.java:226)
at com.microsoft.playwright.impl.Connection.processOneMessage(Connection.java:206)
at com.microsoft.playwright.impl.ChannelOwner.runUntil(ChannelOwner.java:118)
... 39 more
]]>
    </error>
  </testcase> <!-- searchTest -->
  <system-out/>
</testsuite> <!-- com.qa.testapp.tests.HomePageTest -->
